C51 COMPILER V9.52.0.0   ADCINIT                                                           04/16/2020 10:07:52 PAGE 1   


C51 COMPILER V9.52.0.0, COMPILATION OF MODULE ADCINIT
OBJECT MODULE PLACED IN .\Output\ADCInit.obj
COMPILER INVOKED BY: D:\Keil4\C51\BIN\C51.EXE ..\User\Source\Hardware\ADCInit.c LARGE OMF2 WARNINGLEVEL(0) OPTIMIZE(5,SP
                    -EED) BROWSE INCDIR(..\Library\FU68xx_Hardware_Driver\Include;..\User\Include) DEBUG PRINT(.\Listing\ADCInit.lst) TABS(2)
                    - OBJECT(.\Output\ADCInit.obj)

line level    source

   1          /**************************** (C) COPYRIGHT 2017 Fortiortech shenzhen *****************************
   2          * File Name          : ADCInit.c
   3          * Author             : Fortiortech  Appliction Team
   4          * Version            : V1.0
   5          * Date               : 10-Apr-2017
   6          * Description        : This file contains ADC function used for Motor Control.
   7          ***************************************************************************************************
   8          * All Rights Reserved
   9          **************************************************************************************************/
  10          
  11          
  12          /* Includes -------------------------------------------------------------------------------------*/
  13          #include <FU68xx_2.h>
  14          #include <Myproject.h>
  15          #include <FU68xx_2_System.h>
  16          
  17          /*-------------------------------------------------------------------------------------------------
  18            Function Name : void ADC_Init(void)
  19            Description   : ADC硬件设备初始化配置，使能ADC，通道配置，采样时间配置，中断
             -置
  20            Input         : 无
  21            Output        : 无
  22          -------------------------------------------------------------------------------------------------*/
  23          void ADC_Init(void)
  24          {
  25   1        uint16 ADCVREF_DelayCnt;
  26   1       /* ADC参考电压配置*/
  27   1        VREFConfig(VREF5_0, Enable);                             // ADC参考电压配置
  28   1      //  SetBit(P3_AN, P35);                                      //送出给P3.5的VREF电压，P3.5需外接
             -容
  29   1        ClrBit(P3_AN, P35);                                      //送出给P3.5的VREF电压，P3.5需外接电
             -
  30   1        
  31   1      /*-------------------------------------------------------------------------------------------------
  32   1        ADC基本配置
  33   1      -------------------------------------------------------------------------------------------------*/
  34   1        SetBit(ADC_CR, ADCEN);                               // 使能ADC
  35   1                                         
  36   1      /*-------------------------------------------------------------------------------------------------
  37   1        ADC参考电压选择
  38   1        使能VREF，用于给ADC提供内部参考基准
  39   1        P3.5配置模拟IO，VREFEN为1-内部参考电压提供给ADC，同时送出给P3.5的VREF电压;
  40   1        P3.5配置模拟IO，VREFEN为0-外部参考电压提供给ADC，需外部提供ADC参考。
  41   1      -------------------------------------------------------------------------------------------------*/
  42   1        SetBit(VREF_VHALF_CR, VREFEN);//使能VREF
  43   1        
  44   1        for(ADCVREF_DelayCnt=0;ADCVREF_DelayCnt<2000;ADCVREF_DelayCnt++){};   //等待VREF稳定
  45   1            
  46   1      /*-------------------------------------------------------------------------------------------------
  47   1        ADC通道配置
  48   1        1、使能相应Pin为模拟Pin，禁止数字功能
  49   1        2、使能通道MASK，连接Pin到ADC模块
  50   1        ADC_CH0--P20_AN--IU--固定                 ADC_CH5--P32_AN
C51 COMPILER V9.52.0.0   ADCINIT                                                           04/16/2020 10:07:52 PAGE 2   

  51   1        ADC_CH1--P23_AN--IV--固定                 ADC_CH6--P33_AN
  52   1        ADC_CH2--P24_AN--DCBUS--固定              ADC_CH7--P34_AN
  53   1        ADC_CH3--P25_AN--VSP                      ADC_CH8--P21_AN
  54   1        ADC_CH4--P27_AN--IBUS/IW--固定            ADC_CH9--P16_AN
  55   1                                                  ADC_CH10--P14_AN
  56   1                                                  ADC_CH11--P15_AN
  57   1      -------------------------------------------------------------------------------------------------*/
  58   1        SetBit(P3_AN,  P34);
  59   1        
  60   1        SetBit(P2_AN, P27| P25 | P24 | P23);
  61   1        SetBit(ADC_MASK_SYSC, CH7EN |CH4EN | CH3EN | CH2EN | CH1EN);                                //Config P2.7 a
             -s ADC4 IBUS/IW
  62   1      
  63   1        /*ADC通道采样时钟周期设置*/
  64   1        SetBit(ADC_MASK_SYSC, 0x3000);
  65   1        ADC_SYSC  = 0x33;
  66   1      
  67   1        SetReg(ADC_CR, ADCIF|ADCIE,0x00);                   // 清标志位和关中断
  68   1      }
  69          
  70          
  71          


MODULE INFORMATION:   STATIC OVERLAYABLE
   CODE SIZE        =    117    ----
   CONSTANT SIZE    =   ----    ----
   XDATA SIZE       =   ----    ----
   PDATA SIZE       =   ----    ----
   DATA SIZE        =   ----    ----
   IDATA SIZE       =   ----    ----
   BIT SIZE         =   ----    ----
   EDATA SIZE       =   ----    ----
   HDATA SIZE       =   ----    ----
   XDATA CONST SIZE =   ----    ----
   FAR CONST SIZE   =   ----    ----
END OF MODULE INFORMATION.


C51 COMPILATION COMPLETE.  0 WARNING(S),  0 ERROR(S)
