C51 COMPILER V9.52.0.0   EXTIINIT                                                          04/16/2020 10:07:51 PAGE 1   


C51 COMPILER V9.52.0.0, COMPILATION OF MODULE EXTIINIT
OBJECT MODULE PLACED IN .\Output\EXTIInit.obj
COMPILER INVOKED BY: D:\Keil4\C51\BIN\C51.EXE ..\User\Source\Hardware\EXTIInit.c LARGE OMF2 WARNINGLEVEL(0) OPTIMIZE(5,S
                    -PEED) BROWSE INCDIR(..\Library\FU68xx_Hardware_Driver\Include;..\User\Include) DEBUG PRINT(.\Listing\EXTIInit.lst) TABS(
                    -2) OBJECT(.\Output\EXTIInit.obj)

line level    source

   1          /**************************** (C) COPYRIGHT 2017 Fortiortech shenzhen *****************************
   2          * File Name          : EXTIInit.c
   3          * Author             : Fortiortech Appliction Team
   4          * Version            : V1.0
   5          * Date               : 10-Apr-2017
   6          * Description        : This file contains EXTI init used for Motor Control.
   7          ***************************************************************************************************
   8          * All Rights Reserved
   9          **************************************************************************************************/
  10          
  11          
  12          /* Includes -------------------------------------------------------------------------------------*/
  13          #include <FU68xx_2.h>
  14          #include <Myproject.h>
  15          
  16          USER_TYPEDEF        User;
  17          
  18          /*-------------------------------------------------------------------------------------------------
  19            Function Name : void EXTI_Init(void)
  20            Description   : å¤–éƒ¨ä¸­æ–­é…ç½®
  21            Input         : æ— 
  22            Output      : æ— 
  23          -------------------------------------------------------------------------------------------------*/
  24          /*******************************************************************************
  25          * Function Name  : EXTERN_Init
  26          * Description    : P10
  27          * Input          : None
  28          * Output         : None
  29          * Return         : None
  30          *******************************************************************************/
  31          void EXTI_Init(void)
  32          {
  33   1        /*EXTI Input Pin é…ç½® ---------------------------------------- */
  34   1          ClrBit(P0_OE, P00);  // config P00 as inputï¼Œé…ç½®P0.0ä¸ºç¡¬ä»¶è¿‡æµFOç«¯å£
  35   1          ClrBit(P0_PU, P00);  // 0:disable pull up, 1:enable P10 pull up
  36   1      
  37   1        /*-------------------------------------------------------------------------------------------------
  38   1        å¤–éƒ¨ä¸­æ–­æ¨¡å¼é…ç½®
  39   1        00: ä¸Šå‡æ²¿äº§ç”Ÿä¸­æ–­  01: ä¸‹é™æ²¿äº§ç”Ÿä¸­æ–­  1x: ä¸Šå‡/ä¸‹é™æ²¿äº§ç”Ÿä¸­æ–­
  40   1      -------------------------------------------------------------------------------------------------*/
  41   1          IF0  = 0;               // clear P00 interrupt flag
  42   1          IT01 = 0;
  43   1          IT00 = 1;               // 00: rising edge interruptï¼Œ01: failing edge interruptï¼Œ1x: edge-change mode inte
             -rrupt
  44   1      
  45   1        /*-------------------------------------------------------------------------------------------------
  46   1        å¤–éƒ¨ä¸­æ–­ä¼˜å…ˆçº§é…ç½®åŠèŠ¯ç‰‡ä¸­æ–­æ€»ä½¿èƒ½
  47   1        PX01-PX00ï¼Œä¸­æ–­ä¼˜å…ˆçº§æŽ§åˆ¶å€¼ä»Ž0-3ä¾æ¬¡è¡¨ç¤ºä¼˜å…ˆçº§ä»Žæœ€ä½Žåˆ°æœ€é«˜ï¼Œå…±4çº§ä¼˜åŒ–çº§æŽ§åˆ
             -¶
  48   1        EX0ï¼Œå¤–éƒ¨ä¸­æ–­0ä½¿èƒ½
  49   1        EA,èŠ¯ç‰‡ä¸­æ–­æ€»ä½¿èƒ½
  50   1        å¤–éƒ¨ä¸­æ–­æ˜¯å¦æœ‰æ»¤æ³¢çš„é…ç½®ï¼Œå†³å®šäºŽé€‰æ‹©ç¡¬ä»¶ä¿æŠ¤è§¦å‘ä¿¡å·æºï¼Œå¤–éƒ¨ä¸­æ–­0æˆ–è€…æ¯
             -”è¾ƒå™¨3ä¸­æ–­ã€‚
C51 COMPILER V9.52.0.0   EXTIINIT                                                          04/16/2020 10:07:51 PAGE 2   

  51   1        è‹¥é€‰æ‹©äº†æ¯”è¾ƒå™¨3ä¸­æ–­ï¼Œåˆ™å¤–éƒ¨ä¸­æ–­æ— æ³•è¿›è¡Œæ»¤æ³¢é…ç½®
  52   1        -------------------------------------------------------------------------------------------------*/
  53   1          PX01 = 1;
  54   1          PX00 = 1;               // ä¸­æ–­ä¼˜å…ˆçº§åˆ«3ï¼Œä¸­æ–­ä¼˜å…ˆçº§æœ€é«˜,
  55   1          EX0 = 1;                // ä½¿èƒ½å¤–éƒ¨ä¸­æ–­0, POOä½å¤–éƒ¨ä¸­æ–­è¾“å…¥ç¡¬ä»¶
  56   1          EA = 1;                 // ä½¿èƒ½å…¨å±€ä¸­æ–­
  57   1      
  58   1      }
  59          void Sleepmode_Init(void)
  60          {
  61   1        ClrBit(P1_OE, P11);  // config P11 as input
  62   1        ClrBit(P1_PU, P11);  // diasable P11 Pull Up
  63   1        // ClrBit(P1_AN, P11);  // diasable P11 analog function
  64   1        ClrBit(P1_IF, P11);         // clear P11 interrupt flag
  65   1        ClrBit(P1_IE, P11);   // config P11 as the source of EXTI1
  66   1      
  67   1        IT11 = 1;
  68   1        IT10 = 0;               // 00: posedge mode interruptï¼Œ01: negedge mode interruptï¼Œ1x: edge-change mode interr
             -upt
  69   1      
  70   1        PX11 = 0;
  71   1        PX10 = 0;               // ä¸­æ–­ä¼˜å…ˆçº§åˆ«0ï¼Œä¸­æ–­ä¼˜å…ˆçº§æœ€é«˜
  72   1      
  73   1        EX1 = 1;                // ä½¿èƒ½å¤–éƒ¨ä¸­æ–­1, P11ä½å¤–éƒ¨ä¸­æ–­è¾“å…¥ç¡¬ä»¶
  74   1        EA = 1;                 // ä½¿èƒ½å…¨å±€ä¸­æ–­
  75   1      }
  76          
  77          /*-------------------------------------------------------------------------------------------------
  78            Function Name : ZeroCrossing_Init(void)
  79            Description   : å¤–éƒ¨ä¸­æ–­é…ç½®
  80            Input         : ä¾›ç”µé¢‘çŽ‡
  81            Output        : æ— 
  82          -------------------------------------------------------------------------------------------------*/
  83          void ZeroCrossing_Init(void)
  84          {
  85   1        ClrBit(P2_OE, P20);  // config P20 as input
  86   1        ClrBit(P2_PU, P20);  // diasable P20 Pull Up
  87   1        ClrBit(P2_AN, P20);  // diasable P20 analog function
  88   1        
  89   1        ClrBit(P2_IF, P20);         // clear P11 interrupt flag
  90   1        SetBit(P2_IE, P20);   // config P11 as the source of EXTI1
  91   1      
  92   1        IT11 = 0;
  93   1        IT10 = 1;               // 00: posedge mode interruptï¼Œ01: negedge mode interruptï¼Œ1x: edge-change mode interr
             -upt
  94   1      
  95   1        PX11 = 0;
  96   1        PX10 = 1;               // ä¸­æ–­ä¼˜å…ˆçº§åˆ«0ï¼Œä¸­æ–­ä¼˜å…ˆçº§æœ€é«˜
  97   1      
  98   1        EX1 = 1;                // ä½¿èƒ½å¤–éƒ¨ä¸­æ–­1, P20ä½å¤–éƒ¨ä¸­æ–­è¾“å…¥ç¡¬ä»¶
  99   1        EA = 1;                 // ä½¿èƒ½å…¨å±€ä¸­æ–­
 100   1        
 101   1      }
 102          
 103          /*-------------------------------------------------------------------------------------------------
 104            Function Name : TemperaturePID(void)
 105            Description   : æ¸©åº¦PIè°ƒèŠ‚
 106            Input         : ä¾›ç”µé¢‘çŽ‡
 107            Output        : æ— 
 108          -------------------------------------------------------------------------------------------------*/
 109          void TemperaturePID(void)
 110          {
C51 COMPILER V9.52.0.0   EXTIINIT                                                          04/16/2020 10:07:51 PAGE 3   

 111   1        
 112   1      #if 1
 113   1      //  if((abs(User.TemperatureEkL) > 500))
 114   1      //  {
 115   1          PI_KP     = _Q12(0.6);
 116   1          PI_KI     = _Q12(0.01);
 117   1          PI_EK     = User.TemperatureEkL;
 118   1          
 119   1          SetBit(PI_LPF_CR,PISTA);                                                    // Start PI
 120   1          _nop_();  _nop_();  _nop_();  _nop_();  _nop_();
 121   1          
 122   1          PI_UKMAX  = User.ScrOnAngleTime +1000;
 123   1          PI_UKMIN  = User.ScrOnAngleTime -800;
 124   1          PI_UK     = User.ScrOnAngleTimeDatum; 
 125   1          User.TemperatureEkL   = User.TemperatureDatum - User.Temperature;
 126   1          PI_EK     = User.TemperatureEkL;
 127   1          
 128   1          SetBit(PI_LPF_CR,PISTA);                                                    // Start PI
 129   1          _nop_();  _nop_();  _nop_();  _nop_();  _nop_();
 130   1          
 131   1          User.ScrOnAngleTimeDatum  = PI_UK;      
 132   1      //  }
 133   1      #endif
 134   1      }


MODULE INFORMATION:   STATIC OVERLAYABLE
   CODE SIZE        =    214    ----
   CONSTANT SIZE    =   ----    ----
   XDATA SIZE       =     22    ----
   PDATA SIZE       =   ----    ----
   DATA SIZE        =   ----    ----
   IDATA SIZE       =   ----    ----
   BIT SIZE         =   ----    ----
   EDATA SIZE       =   ----    ----
   HDATA SIZE       =   ----    ----
   XDATA CONST SIZE =   ----    ----
   FAR CONST SIZE   =   ----    ----
END OF MODULE INFORMATION.


C51 COMPILATION COMPLETE.  0 WARNING(S),  0 ERROR(S)
