C51 COMPILER V9.52.0.0   FLASHWRITE                                                        11/10/2018 14:06:39 PAGE 1   


C51 COMPILER V9.52.0.0, COMPILATION OF MODULE FLASHWRITE
OBJECT MODULE PLACED IN .\Output\FlashWrite.obj
COMPILER INVOKED BY: C:\Keil\C51\BIN\C51.EXE ..\User\Source\Function\FlashWrite.c LARGE OMF2 WARNINGLEVEL(0) OPTIMIZE(5,
                    -SPEED) BROWSE INCDIR(..\Library\FU68xx_Hardware_Driver\Include;..\User\Include) DEBUG PRINT(.\Listing\FlashWrite.lst) TA
                    -BS(2) OBJECT(.\Output\FlashWrite.obj)

line level    source

   1          /**************************** (C) COPYRIGHT 2017 Fortiortech shenzhen *****************************
   2          * File Name          : FlashWrite.c
   3          * Author             : 
   4          * Version            : 
   5          * Date               : 
   6          * Description        : 
   7          ***************************************************************************************************
   8          * All Rights Reserved
   9          **************************************************************************************************/
  10          #include <FU68xx_2.h>
  11          #include <Myproject.h>
  12          
  13          /*Private variables------------------------------------------------------------------------------*/
  14          MCUFlash xdata FlashTest;
  15          
  16          /*-------------------------------------------------------------------------------------------------
  17            Function Name : uint16 GetLastDataFromFlash(uint8 xdata *BlockStartAddr)
  18            Description   : 从目标FLASH扇区读取2字节最新写入的数据
  19            Input         : uint8 xdata *BlockStartAddr：目标FLASH扇区
  20            Output        : 读出的数据
  21          -------------------------------------------------------------------------------------------------*/
  22          uint16 Get2ByteFromFlash(uint8 xdata *BlockStartAddr)
  23          {
  24   1        uint8 xdata *FlashStartAddr = BlockStartAddr;
  25   1        uint8 i;
  26   1        uint16 tempofFlashData;
  27   1        
  28   1        for(i=0;i<64;i++)
  29   1        {
  30   2          tempofFlashData = *(uint16 code *)(FlashStartAddr+2*i);
  31   2          if(tempofFlashData==0)
  32   2          {
  33   3            if(i!=0)
  34   3            {
  35   4              tempofFlashData = *(uint16 code *)(FlashStartAddr+2*(i-1));
  36   4              return tempofFlashData;
  37   4            }
  38   3            else
  39   3            {
  40   4              return 0;
  41   4            }
  42   3          }
  43   2          else
  44   2          {
  45   3            if(i==63)
  46   3            {
  47   4              return tempofFlashData;
  48   4            }
  49   3          } 
  50   2        }
  51   1        return 0;
  52   1      }
  53          
C51 COMPILER V9.52.0.0   FLASHWRITE                                                        11/10/2018 14:06:39 PAGE 2   

  54          /*-------------------------------------------------------------------------------------------------
  55            Function Name : void WriteData2Flash(uint8 xdata *BlockStartAddr,uint16 NewData2Flash)
  56            Description   : 写入2个字节到FLASH
  57            Input         : uint8 xdata *BlockStartAddr：目标FLASH地址  NewData2Flash：被写入数据
  58              Output      : 1:扇区未满,写入完成  0:扇区已满,写入失败
  59          -------------------------------------------------------------------------------------------------*/
  60          uint8 Write2Byte2Flash(uint8 xdata *BlockStartAddr,uint16 NewData2Flash)
  61          {
  62   1        uint8 xdata *FlashStartAddr = BlockStartAddr;
  63   1        uint16 tempofFlashData=0;
  64   1        uint16 tempofNewFlashData=0;
  65   1        uint8 i;
  66   1        
  67   1        tempofNewFlashData = NewData2Flash;
  68   1        
  69   1        for(i=0;i<64;i++)
  70   1        {
  71   2          tempofFlashData = *(uint16 code *)(FlashStartAddr+2*i);
  72   2          if(tempofFlashData==0)
  73   2          {
  74   3            tempofFlashData = tempofNewFlashData>>8;                            //待写入数据首字节
  75   3            Flash_Sector_Write((FlashStartAddr+2*i),(uint8)tempofFlashData);
*** ERROR C267 IN LINE 75 OF ..\User\Source\Function\FlashWrite.c: 'Flash_Sector_Write': requires ANSI-style prototype
  76   3            _nop_();
  77   3            tempofFlashData = tempofNewFlashData&0x00ff;                        //待写入数据末字节
  78   3            Flash_Sector_Write((FlashStartAddr+2*i+1),(uint8)tempofFlashData);
  79   3            _nop_();    
  80   3      
  81   3            return 1;
  82   3          }
  83   2          else
  84   2          {
  85   3            if(i==63)
  86   3            {
  87   4              return 0;
  88   4            }
  89   3          }
  90   2        }
  91   1        return 0;
  92   1      }
  93          
  94          /*-------------------------------------------------------------------------------------------------
  95            Function Name : void WriteOrReadFlashTest(uint8 xdata *BlockStartAddr,uint16 NewData2Flash)
  96            Description   : FLASH读写数据测试,先把NewData2Flash写入到目标FLASH地址BlockStartAddr后,再将其
  97                              FLASH值读出来
  98            Input         : uint8 xdata *BlockStartAddr：目标FLASH地址  NewData2Flash：被写入数据
  99              Output      : 无
 100          -------------------------------------------------------------------------------------------------*/
 101          void WriteOrReadFlashTest(uint8 xdata *BlockStartAddr,uint16 NewData2Flash)
 102          {
 103   1        uint8 FlashWriteStatus=0;
 104   1      
 105   1        if(FlashTest.FlashWrite)
 106   1        {
 107   2              FlashWriteStatus = Write2Byte2Flash(BlockStartAddr,NewData2Flash);
 108   2              if(!FlashWriteStatus)
 109   2              {
 110   3                  //扇区写满时擦除扇区再写入
 111   3                  Flash_Sector_Erase(BlockStartAddr); 
 112   3                  FlashWriteStatus = Write2Byte2Flash(BlockStartAddr,NewData2Flash);        
 113   3              }     
 114   2              FlashTest.FlashWrite = 0;
C51 COMPILER V9.52.0.0   FLASHWRITE                                                        11/10/2018 14:06:39 PAGE 3   

 115   2              FlashTest.FlashRead  = 1;
 116   2        }
 117   1          
 118   1         if(FlashTest.FlashRead)
 119   1        { 
 120   2          FlashTest.FlashRead2Byte = Get2ByteFromFlash(BlockStartAddr);
 121   2          FlashTest.FlashRead = 0;
 122   2        }
 123   1      }

C51 COMPILATION COMPLETE.  0 WARNING(S),  1 ERROR(S)
