C51 COMPILER V9.52.0.0   LED                                                               04/16/2020 10:07:50 PAGE 1   


C51 COMPILER V9.52.0.0, COMPILATION OF MODULE LED
OBJECT MODULE PLACED IN .\Output\LED.obj
COMPILER INVOKED BY: D:\Keil4\C51\BIN\C51.EXE ..\User\Source\Function\LED.c LARGE OMF2 WARNINGLEVEL(0) OPTIMIZE(5,SPEED)
                    - BROWSE INCDIR(..\Library\FU68xx_Hardware_Driver\Include;..\User\Include) DEBUG PRINT(.\Listing\LED.lst) TABS(2) OBJECT(
                    -.\Output\LED.obj)

line level    source

   1          /**************************** (C) COPYRIGHT 2015 Fortiortech shenzhen *****************************
   2          * File Name          : LED.c
   3          * Author             : Billy Long Fortiortech  Market Dept
   4          * Version            : V1.0
   5          * Date               : 01/07/2015
   6          * Description        : This file contains LPF control function used for Motor Control.
   7          ***************************************************************************************************
   8          * All Rights Reserved
   9          **************************************************************************************************/ 
  10          
  11          
  12          /* Includes -------------------------------------------------------------------------------------*/
  13          #include <FU68xx_2.h>
  14          #include <Myproject.h>
  15          
  16          /* Private variables ----------------------------------------------------------------------------*/
  17          LEDCtl_TypeDef LEDCtl;
  18          uint8 temp_step;
  19          
  20          extern char SW3_Flag;
  21          
  22          extern uint32 Temp_value;
  23          
  24          uint8 current_temp_control_level;
  25          //extern USER_TYPEDEF     User;
  26          /*-------------------------------------------------------------------------------------------------
  27            Function Name : void LEDControlInit(void)
  28            Description   :     
  29            Input         : 无
  30            Output        : 无
  31          -------------------------------------------------------------------------------------------------*/
  32          void LEDControlInit(void)
  33          {
  34   1        LEDCtl.LEDCnt = 0;
  35   1        LEDCtl.FlagLED = 0;
  36   1        LEDCtl.FlagStepTime = 0;
  37   1        LEDCtl.LEDTimeCnt = 0;
  38   1        
  39   1        current_temp_control_level = 0;
  40   1      }
  41          
  42          /*-------------------------------------------------------------------------------------------------
  43            Function Name : void LEDControl(void)
  44            Description   : 功能函数，LED控制，显示系统状态
  45                            Stop状态--LED长灭
  46                            Normal状态--LED长亮
  47                            Fault状态--LED闪烁        
  48            Input         : 无
  49            Output        : 无
  50          -------------------------------------------------------------------------------------------------*/
  51          void LEDControl(void)
  52          {
  53   1        if((mcState != mcFault))
C51 COMPILER V9.52.0.0   LED                                                               04/16/2020 10:07:50 PAGE 2   

  54   1        {
  55   2         //if((KS.KeyValuetotal & 0x80) == 0)                     //SW3 没有按下
  56   2          if(KS.Key3Value == 0x00)
  57   2         { 
  58   3           switch(KS.KeyValuetotal & 0x70)
  59   3           {
  60   4             case 0x10:                          //判定转速
  61   4                  switch(KS.KeyValuetotal & 0x0F)           //判定温度
  62   4                  {
  63   5                   case 0x01:
  64   5                        D1 = 1;
  65   5                        D2 = 1;
  66   5                        D3 = 1;
  67   5                        D4 = 0;                      //D4亮
  68   5                        D5 = 1;
  69   5                        D6 = 1;
  70   5                        User.ScrOnAngleTime  = Temperature_Off;   //1
  71   5                        break;
  72   5                   case 0x02:
  73   5                        D1 = 1;
  74   5                        D2 = 1;
  75   5                        D3 = 0;
  76   5                        D4 = 0;
  77   5                        D5 = 1;
  78   5                        D6 = 1;
  79   5      
  80   5                        User.ScrOnAngleTime  = Temperature_LOW_3;   //2
  81   5                        User.TemperatureDatum= Temperature_ADCLOW;
  82   5                        break;
  83   5                   case 0x04:
  84   5                        D1 = 1;
  85   5                        D2 = 0;
  86   5                        D3 = 0;
  87   5                        D4 = 0;
  88   5                        D5 = 1;
  89   5                        D6 = 1;
  90   5                        User.ScrOnAngleTime  = Temperature_Mid_3;   //3
  91   5                        User.TemperatureDatum= Temperature_ADCMid;
  92   5                        break;
  93   5                   case 0x08:
  94   5                        D1 = 0;
  95   5                        D2 = 0;
  96   5                        D3 = 0;
  97   5                        D4 = 0;
  98   5                        D5 = 1;
  99   5                        D6 = 1;
 100   5                        User.ScrOnAngleTime = Temperature_High_3;   //4
 101   5                        User.TemperatureDatum= Temperature_ADCHigh;
 102   5                        break;
 103   5                   default:
 104   5                     break;
 105   5                  }
 106   4                  mcSpeedRamp.TargetValue = Motor_Speed_Low;        // 转速赋值      
 107   4                  break;
 108   4              case 0x20:
 109   4                  switch(KS.KeyValuetotal & 0x0F)
 110   4                  {
 111   5                    case 0x01:
 112   5                        D1 = 1;
 113   5                        D2 = 1;
 114   5                        D3 = 1;
 115   5                        D4 = 0;
C51 COMPILER V9.52.0.0   LED                                                               04/16/2020 10:07:50 PAGE 3   

 116   5                        D5 = 0;
 117   5                        D6 = 1;
 118   5      
 119   5                        User.ScrOnAngleTime  = Temperature_Off;
 120   5      
 121   5                        break;
 122   5                    case 0x02:
 123   5                        D1 = 1;
 124   5                        D2 = 1;
 125   5                        D3 = 0;
 126   5                        D4 = 0;
 127   5                        D5 = 0;
 128   5                        D6 = 1;
 129   5      
 130   5                        User.ScrOnAngleTime  = Temperature_LOW_2;
 131   5                        User.TemperatureDatum= Temperature_ADCLOW;             
 132   5                        break;
 133   5                    case 0x04:
 134   5                        D1 = 1;
 135   5                        D2 = 0;
 136   5                        D3 = 0;
 137   5                        D4 = 0;
 138   5                        D5 = 0;
 139   5                        D6 = 1;
 140   5      
 141   5                        User.ScrOnAngleTime  = Temperature_Mid_2;
 142   5                        User.TemperatureDatum= Temperature_ADCMid;
 143   5      
 144   5                        break;
 145   5                    case 0x08:
 146   5                        D1 = 0;
 147   5                        D2 = 0;
 148   5                        D3 = 0;
 149   5                        D4 = 0;
 150   5                        D5 = 0;
 151   5                        D6 = 1;
 152   5      
 153   5                        User.ScrOnAngleTime  = Temperature_High_2;
 154   5                        User.TemperatureDatum= Temperature_ADCHigh;
 155   5                         
 156   5                        break;
 157   5                    default:
 158   5                        break;
 159   5                  }        
 160   4                  mcSpeedRamp.TargetValue   = Motor_Speed_Mid;           // 转速赋值           
 161   4                  break;
 162   4            
 163   4            case 0x40:
 164   4              switch(KS.KeyValuetotal & 0x0F)
 165   4               {
 166   5                 case 0x01:
 167   5                      D1 = 1;
 168   5                      D2 = 1;
 169   5                      D3 = 1;
 170   5                      D4 = 0;
 171   5                      D5 = 0;
 172   5                      D6 = 0;
 173   5      
 174   5                      User.ScrOnAngleTime  = Temperature_Off;
 175   5      
 176   5                      break;
 177   5                 case 0x02:
C51 COMPILER V9.52.0.0   LED                                                               04/16/2020 10:07:50 PAGE 4   

 178   5                      D1 = 1;
 179   5                      D2 = 1;
 180   5                      D3 = 0;
 181   5                      D4 = 0;
 182   5                      D5 = 0;
 183   5                      D6 = 0;
 184   5      
 185   5                      User.ScrOnAngleTime  = Temperature_LOW_1;
 186   5                      User.TemperatureDatum= Temperature_ADCLOW;
 187   5      
 188   5                      break;
 189   5                 case 0x04:
 190   5                      D1 = 1;
 191   5                      D2 = 0;
 192   5                      D3 = 0;
 193   5                      D4 = 0;
 194   5                      D5 = 0;
 195   5                      D6 = 0;
 196   5                      User.ScrOnAngleTime  = Temperature_Mid_1;
 197   5                      User.TemperatureDatum= Temperature_ADCMid;
 198   5                      break;
 199   5                 case 0x08:
 200   5                      D1 = 0;
 201   5                      D2 = 0;
 202   5                      D3 = 0;
 203   5                      D4 = 0;
 204   5                      D5 = 0;
 205   5                      D6 = 0;
 206   5                      User.ScrOnAngleTime  = Temperature_High_1;
 207   5                      User.TemperatureDatum= Temperature_ADCHigh;
 208   5                      break;
 209   5                 default:
 210   5                   break;
 211   5               }
 212   4               mcSpeedRamp.TargetValue = Motor_Speed_HIgh;           // 转速赋值  
 213   4              break;    
 214   4      
 215   4            default:
 216   4               break;
 217   4           }
 218   3         }
 219   2         else
 220   2         {
 221   3            User.ScrOnAngleTime  = Temperature_Off;
 222   3         
 223   3           switch(KS.KeyValuetotal & 0x70)
 224   3           {
 225   4             case 0x10:
 226   4               D1 = 1;
 227   4               D2 = 1;
 228   4               D3 = 1;
 229   4               D4 = 0;
 230   4               D5 = 1;
 231   4               D6 = 1;
 232   4      
 233   4               mcSpeedRamp.TargetValue = Motor_Speed_Low;            // 转速赋值     
 234   4               break;
 235   4             case 0x20:
 236   4               D1 = 1;
 237   4               D2 = 1;
 238   4               D3 = 1;
 239   4               D4 = 0;
C51 COMPILER V9.52.0.0   LED                                                               04/16/2020 10:07:50 PAGE 5   

 240   4               D5 = 0;
 241   4               D6 = 1;  
 242   4      
 243   4               mcSpeedRamp.TargetValue = Motor_Speed_Mid;           // 转速赋值    
 244   4               break;
 245   4             case 0x40:
 246   4               D1 = 1;
 247   4               D2 = 1;
 248   4               D3 = 1;
 249   4               D4 = 0;
 250   4               D5 = 0;
 251   4               D6 = 0;
 252   4      
 253   4               mcSpeedRamp.TargetValue = Motor_Speed_HIgh;          // 转速赋值      
 254   4               break;
 255   4             default:
 256   4               break;
 257   4          }
 258   3         }
 259   2       } 
 260   1       
 261   1       
 262   1        //User.ScrOnAngleTimeDatum  = User.ScrOnAngleTime ;
 263   1       Temp_value = User.ScrOnAngleTime;
 264   1        #if (Correct_optical_Error ==1)
 265   1           {
 266   2             User.ScrOnAngleTimeDatum =User.ScrOnAngleTimeDatum +(ActualEdgeLevelTime - User.EdgeLevelTime);
 267   2           }
 268   1        #endif
 269   1           
 270   1           
 271   1      //  if(MC.MotorStatus == MOTOR_FAULT)
 272   1      //  {
 273   1      //      if(MC.StauteCtl.LedFaultCnt < 200)
 274   1      //      {
 275   1      //         D1 = 0;
 276   1      //         D2 = 0;
 277   1      //         D3 = 0;
 278   1      //         D4 = 0;
 279   1      //         D5 = 0;
 280   1      //         D6 = 0;
 281   1      //      }
 282   1      //      else if(MC.StauteCtl.LedFaultCnt < 400)
 283   1      //      {
 284   1      //         D1 = 1;
 285   1      //         D2 = 1;
 286   1      //         D3 = 1;
 287   1      //         D4 = 1;
 288   1      //         D5 = 1;
 289   1      //         D6 = 1;
 290   1      //      }
 291   1      //      else
 292   1      //      {
 293   1      //        MC.StauteCtl.LedFaultCnt =0;
 294   1      //      }
 295   1      //  }
 296   1      }
 297          
 298          


MODULE INFORMATION:   STATIC OVERLAYABLE
C51 COMPILER V9.52.0.0   LED                                                               04/16/2020 10:07:50 PAGE 6   

   CODE SIZE        =    688    ----
   CONSTANT SIZE    =   ----    ----
   XDATA SIZE       =      7    ----
   PDATA SIZE       =   ----    ----
   DATA SIZE        =   ----    ----
   IDATA SIZE       =   ----    ----
   BIT SIZE         =   ----    ----
   EDATA SIZE       =   ----    ----
   HDATA SIZE       =   ----    ----
   XDATA CONST SIZE =   ----    ----
   FAR CONST SIZE   =   ----    ----
END OF MODULE INFORMATION.


C51 COMPILATION COMPLETE.  0 WARNING(S),  0 ERROR(S)
