C51 COMPILER V9.52.0.0   PIINIT                                                            04/16/2020 10:07:52 PAGE 1   


C51 COMPILER V9.52.0.0, COMPILATION OF MODULE PIINIT
OBJECT MODULE PLACED IN .\Output\PIInit.obj
COMPILER INVOKED BY: D:\Keil4\C51\BIN\C51.EXE ..\User\Source\Hardware\PIInit.c LARGE OMF2 WARNINGLEVEL(0) OPTIMIZE(5,SPE
                    -ED) BROWSE INCDIR(..\Library\FU68xx_Hardware_Driver\Include;..\User\Include) DEBUG PRINT(.\Listing\PIInit.lst) TABS(2) O
                    -BJECT(.\Output\PIInit.obj)

line level    source

   1          
   2          /**************************** (C) COPYRIGHT 2017 Fortiortech shenzhen *****************************
   3          * File Name          : PIInit.c
   4          * Author             : Fortiortech  Appliction Team
   5          * Version            : V1.0
   6          * Date               : 10-Apr-2017
   7          * Description        : This file contains PI initial function used for Motor Control.
   8          ***************************************************************************************************
   9          * All Rights Reserved
  10          **************************************************************************************************/
  11          
  12          
  13          /* Includes -------------------------------------------------------------------------------------*/
  14          #include <FU68xx_2.h>
  15          #include <Myproject.h>
  16          
  17          void PI_Init(void)
  18          {
  19   1        PI_KP = SKP;
  20   1        PI_KI = SKI;
  21   1        PI_EK = 0;
  22   1        ClrBit(PI_LPF_CR, RANGE);                               // 0:Q12; 1:Q15
  23   1        SetBit(PI_LPF_CR, PISTA);                               // Start PI
  24   1        PI_UKMAX = SOUTMAX;
  25   1        PI_UKMIN = SOUTMIN;
  26   1        _nop_(); _nop_(); _nop_(); _nop_();
  27   1        PI_UK =   0;
  28   1        PI_LPF_CR &= 0xFD;                                      // stop PI
  29   1      }


MODULE INFORMATION:   STATIC OVERLAYABLE
   CODE SIZE        =     47    ----
   CONSTANT SIZE    =   ----    ----
   XDATA SIZE       =   ----    ----
   PDATA SIZE       =   ----    ----
   DATA SIZE        =   ----    ----
   IDATA SIZE       =   ----    ----
   BIT SIZE         =   ----    ----
   EDATA SIZE       =   ----    ----
   HDATA SIZE       =   ----    ----
   XDATA CONST SIZE =   ----    ----
   FAR CONST SIZE   =   ----    ----
END OF MODULE INFORMATION.


C51 COMPILATION COMPLETE.  0 WARNING(S),  0 ERROR(S)
